0 info it worked if it ends with ok
1 verbose cli [ '/usr/bin/nodejs',
1 verbose cli   '/usr/bin/npm',
1 verbose cli   'install',
1 verbose cli   'elixir-extensions',
1 verbose cli   '--save' ]
2 info using npm@2.15.9
3 info using node@v4.5.0
4 verbose install initial load of /home/dmarquez/www/about_me/package.json
5 verbose installManyTop reading scoped package data from /home/dmarquez/www/about_me/node_modules/clean-css/package.json
6 verbose installManyTop reading scoped package data from /home/dmarquez/www/about_me/node_modules/gulp/package.json
7 verbose installManyTop reading scoped package data from /home/dmarquez/www/about_me/node_modules/gulp-notify/package.json
8 verbose installManyTop reading scoped package data from /home/dmarquez/www/about_me/node_modules/gulp-sass/package.json
9 verbose installManyTop reading scoped package data from /home/dmarquez/www/about_me/node_modules/gulp-watch/package.json
10 verbose installManyTop reading scoped package data from /home/dmarquez/www/about_me/node_modules/laravel-elixir/package.json
11 info package.json gulp-notify@2.2.0 No license field.
12 verbose readDependencies loading dependencies from /home/dmarquez/www/about_me/package.json
13 silly cache add args [ 'elixir-extensions', null ]
14 verbose cache add spec elixir-extensions
15 silly cache add parsed spec Result {
15 silly cache add   raw: 'elixir-extensions',
15 silly cache add   scope: null,
15 silly cache add   name: 'elixir-extensions',
15 silly cache add   rawSpec: '',
15 silly cache add   spec: 'latest',
15 silly cache add   type: 'tag' }
16 silly addNamed elixir-extensions@latest
17 verbose addNamed "latest" is being treated as a dist-tag for elixir-extensions
18 info addNameTag [ 'elixir-extensions', 'latest' ]
19 silly mapToRegistry name elixir-extensions
20 silly mapToRegistry using default registry
21 silly mapToRegistry registry https://registry.npmjs.org/
22 silly mapToRegistry data Result {
22 silly mapToRegistry   raw: 'elixir-extensions',
22 silly mapToRegistry   scope: null,
22 silly mapToRegistry   name: 'elixir-extensions',
22 silly mapToRegistry   rawSpec: '',
22 silly mapToRegistry   spec: 'latest',
22 silly mapToRegistry   type: 'tag' }
23 silly mapToRegistry uri https://registry.npmjs.org/elixir-extensions
24 verbose addNameTag registry:https://registry.npmjs.org/elixir-extensions not in flight; fetching
25 verbose request uri https://registry.npmjs.org/elixir-extensions
26 verbose request no auth needed
27 info attempt registry request try #1 at 16:49:43
28 verbose request id 0307025ea6f1789e
29 http request GET https://registry.npmjs.org/elixir-extensions
30 http 404 https://registry.npmjs.org/elixir-extensions
31 verbose headers { 'content-type': 'application/json',
31 verbose headers   'cache-control': 'max-age=0',
31 verbose headers   'content-length': '2',
31 verbose headers   'accept-ranges': 'bytes',
31 verbose headers   date: 'Fri, 16 Sep 2016 21:18:40 GMT',
31 verbose headers   via: '1.1 varnish',
31 verbose headers   age: '0',
31 verbose headers   connection: 'keep-alive',
31 verbose headers   'x-served-by': 'cache-mia1320-MIA',
31 verbose headers   'x-cache': 'MISS',
31 verbose headers   'x-cache-hits': '0',
31 verbose headers   'x-timer': 'S1474060720.378007,VS0,VE49',
31 verbose headers   vary: 'Accept-Encoding' }
32 silly get cb [ 404,
32 silly get   { 'content-type': 'application/json',
32 silly get     'cache-control': 'max-age=0',
32 silly get     'content-length': '2',
32 silly get     'accept-ranges': 'bytes',
32 silly get     date: 'Fri, 16 Sep 2016 21:18:40 GMT',
32 silly get     via: '1.1 varnish',
32 silly get     age: '0',
32 silly get     connection: 'keep-alive',
32 silly get     'x-served-by': 'cache-mia1320-MIA',
32 silly get     'x-cache': 'MISS',
32 silly get     'x-cache-hits': '0',
32 silly get     'x-timer': 'S1474060720.378007,VS0,VE49',
32 silly get     vary: 'Accept-Encoding' } ]
33 verbose stack Error: Registry returned 404 for GET on https://registry.npmjs.org/elixir-extensions
33 verbose stack     at makeError (/usr/lib/node_modules/npm/node_modules/npm-registry-client/lib/request.js:264:12)
33 verbose stack     at CachingRegistryClient.<anonymous> (/usr/lib/node_modules/npm/node_modules/npm-registry-client/lib/request.js:242:14)
33 verbose stack     at Request._callback (/usr/lib/node_modules/npm/node_modules/npm-registry-client/lib/request.js:172:14)
33 verbose stack     at Request.self.callback (/usr/lib/node_modules/npm/node_modules/request/request.js:200:22)
33 verbose stack     at emitTwo (events.js:87:13)
33 verbose stack     at Request.emit (events.js:172:7)
33 verbose stack     at Request.<anonymous> (/usr/lib/node_modules/npm/node_modules/request/request.js:1067:10)
33 verbose stack     at emitOne (events.js:82:20)
33 verbose stack     at Request.emit (events.js:169:7)
33 verbose stack     at IncomingMessage.<anonymous> (/usr/lib/node_modules/npm/node_modules/request/request.js:988:12)
34 verbose statusCode 404
35 verbose pkgid elixir-extensions
36 verbose cwd /home/dmarquez/www/about_me
37 error Linux 3.16.0-4-amd64
38 error argv "/usr/bin/nodejs" "/usr/bin/npm" "install" "elixir-extensions" "--save"
39 error node v4.5.0
40 error npm  v2.15.9
41 error code E404
42 error 404 Registry returned 404 for GET on https://registry.npmjs.org/elixir-extensions
42 error 404
42 error 404 'elixir-extensions' is not in the npm registry.
42 error 404 You should bug the author to publish it (or use the name yourself!)
42 error 404 It was specified as a dependency of 'about_me'
42 error 404
42 error 404 Note that you can also install from a
42 error 404 tarball, folder, http url, or git url.
43 verbose exit [ 1, true ]
